<?xml version="1.0" encoding="UTF-8"?>
<!-- Generated by org.testng.reporters.JUnitReportReporter -->
<testsuite hostname="LENOVO-PC" name="TestingPrograms.calculatorapp2" tests="2" failures="0" timestamp="23 Jun 2019 10:29:23 GMT" time="0.059" errors="0">
  <testcase name="mul" time="0.055" classname="TestingPrograms.calculatorapp2"/>
  <testcase name="sum" time="0.004" classname="TestingPrograms.calculatorapp2"/>
</testsuite> <!-- TestingPrograms.calculatorapp2 -->
